#
# There is insufficient memory for the Java Runtime Environment to continue.
# Native memory allocation (mmap) failed to map 260046848 bytes. Error detail: G1 virtual space
# Possible reasons:
#   The system is out of physical RAM or swap space
#   This process is running with CompressedOops enabled, and the Java Heap may be blocking the growth of the native heap
# Possible solutions:
#   Reduce memory load on the system
#   Increase physical memory or swap space
#   Check if swap backing store is full
#   Decrease Java heap size (-Xmx/-Xms)
#   Decrease number of Java threads
#   Decrease Java thread stack sizes (-Xss)
#   Set larger code cache with -XX:ReservedCodeCacheSize=
#   JVM is running with Zero Based Compressed Oops mode in which the Java heap is
#     placed in the first 32GB address space. The Java Heap base address is the
#     maximum limit for the native heap growth. Please use -XX:HeapBaseMinAddress
#     to set the Java Heap base and to place the Java Heap above 32GB virtual address.
# This output file may be truncated or incomplete.
#
#  Out of Memory Error (os_windows.cpp:3613), pid=22880, tid=10676
#
# JRE version:  (17.0.11+9) (build )
# Java VM: OpenJDK 64-Bit Server VM (17.0.11+9, mixed mode, sharing, tiered, compressed oops, compressed class ptrs, g1 gc, windows-amd64)
# No core dump will be written. Minidumps are not enabled by default on client versions of Windows
#

---------------  S U M M A R Y ------------

Command Line: -XX:+ShowCodeDetailsInExceptionMessages br.com.projaeto.angular.springboot.api.ApiApplication

Host: Intel(R) Core(TM) i3-4170 CPU @ 3.70GHz, 4 cores, 15G,  Windows 11 , 64 bit Build 22621 (10.0.22621.3958)
Time: Mon Aug  5 23:31:48 2024 Hora oficial do Brasil elapsed time: 0.018491 seconds (0d 0h 0m 0s)

---------------  T H R E A D  ---------------

Current thread (0x0000022358c42df0):  JavaThread "Unknown thread" [_thread_in_vm, id=10676, stack(0x0000003bc6a00000,0x0000003bc6b00000)]

Stack: [0x0000003bc6a00000,0x0000003bc6b00000]
Native frames: (J=compiled Java code, j=interpreted, Vv=VM code, C=native code)
V  [jvm.dll+0x67d429]
V  [jvm.dll+0x834b7a]
V  [jvm.dll+0x83663e]
V  [jvm.dll+0x836ca3]
V  [jvm.dll+0x247dbf]
V  [jvm.dll+0x67a269]
V  [jvm.dll+0x66ecda]
V  [jvm.dll+0x30797b]
V  [jvm.dll+0x30ee26]
V  [jvm.dll+0x35e80e]
V  [jvm.dll+0x35ea3f]
V  [jvm.dll+0x2de6b8]
V  [jvm.dll+0x2df624]
V  [jvm.dll+0x806531]
V  [jvm.dll+0x36c561]
V  [jvm.dll+0x7e4f56]
V  [jvm.dll+0x3efdcf]
V  [jvm.dll+0x3f1921]
C  [jli.dll+0x528f]
C  [ucrtbase.dll+0x29333]
C  [KERNEL32.DLL+0x1257d]
C  [ntdll.dll+0x5af28]


---------------  P R O C E S S  ---------------

Threads class SMR info:
_java_thread_list=0x00007ffd87c4eed8, length=0, elements={
}

Java Threads: ( => current thread )

Other Threads:
  0x0000022358cb26e0 GCTaskThread "GC Thread#0" [stack: 0x0000003bc6b00000,0x0000003bc6c00000] [id=12892]
  0x0000022358cc2b00 ConcurrentGCThread "G1 Main Marker" [stack: 0x0000003bc6c00000,0x0000003bc6d00000] [id=19380]
  0x0000022358cc3330 ConcurrentGCThread "G1 Conc#0" [stack: 0x0000003bc6d00000,0x0000003bc6e00000] [id=24360]

[error occurred during error reporting (printing all threads), id 0xc0000005, EXCEPTION_ACCESS_VIOLATION (0xc0000005) at pc=0x00007ffd8740f0f7]

VM state: not at safepoint (not fully initialized)

VM Mutex/Monitor currently owned by a thread:  ([mutex/lock_event])
[0x0000022358c3d240] Heap_lock - owner thread: 0x0000022358c42df0

Heap address: 0x0000000709400000, size: 3948 MB, Compressed Oops mode: Zero based, Oop shift amount: 3

CDS archive(s) mapped at: [0x0000000000000000-0x0000000000000000-0x0000000000000000), size 0, SharedBaseAddress: 0x0000000800000000, ArchiveRelocationMode: 1.
Narrow klass base: 0x0000000000000000, Narrow klass shift: 0, Narrow klass range: 0x0

GC Precious Log:
<Empty>

Heap:
 garbage-first heap   total 0K, used 0K [0x0000000709400000, 0x0000000800000000)
  region size 2048K, 0 young (0K), 0 survivors (0K)

[error occurred during error reporting (printing heap information), id 0xc0000005, EXCEPTION_ACCESS_VIOLATION (0xc0000005) at pc=0x00007ffd877f70c9]

GC Heap History (0 events):
No events

Dll operation events (1 events):
Event: 0.010 Loaded shared library C:\Users\Emmanoel Gamer\.vscode\extensions\redhat.java-1.33.0-win32-x64\jre\17.0.11-win32-x86_64\bin\java.dll

Deoptimization events (0 events):
No events

Classes unloaded (0 events):
No events

Classes redefined (0 events):
No events

Internal exceptions (0 events):
No events

VM Operations (0 events):
No events

Events (0 events):
No events


Dynamic libraries:
0x00007ff742700000 - 0x00007ff74270e000 	C:\Users\Emmanoel Gamer\.vscode\extensions\redhat.java-1.33.0-win32-x64\jre\17.0.11-win32-x86_64\bin\java.exe
0x00007ffe4e270000 - 0x00007ffe4e487000 	C:\Windows\SYSTEM32\ntdll.dll
0x00007ffe4c040000 - 0x00007ffe4c104000 	C:\Windows\System32\KERNEL32.DLL
0x00007ffe4b730000 - 0x00007ffe4badd000 	C:\Windows\System32\KERNELBASE.dll
0x00007ffe4bc70000 - 0x00007ffe4bd81000 	C:\Windows\System32\ucrtbase.dll
0x00007ffe40190000 - 0x00007ffe401ab000 	C:\Users\Emmanoel Gamer\.vscode\extensions\redhat.java-1.33.0-win32-x64\jre\17.0.11-win32-x86_64\bin\VCRUNTIME140.dll
0x00007ffe40c80000 - 0x00007ffe40c97000 	C:\Users\Emmanoel Gamer\.vscode\extensions\redhat.java-1.33.0-win32-x64\jre\17.0.11-win32-x86_64\bin\jli.dll
0x00007ffe4e050000 - 0x00007ffe4e1fe000 	C:\Windows\System32\USER32.dll
0x00007ffe4bb80000 - 0x00007ffe4bba6000 	C:\Windows\System32\win32u.dll
0x00007ffe371f0000 - 0x00007ffe37483000 	C:\Windows\WinSxS\amd64_microsoft.windows.common-controls_6595b64144ccf1df_6.0.22621.3672_none_2713b9d173822955\COMCTL32.dll
0x00007ffe4e200000 - 0x00007ffe4e229000 	C:\Windows\System32\GDI32.dll
0x00007ffe4db20000 - 0x00007ffe4dbc7000 	C:\Windows\System32\msvcrt.dll
0x00007ffe4b610000 - 0x00007ffe4b729000 	C:\Windows\System32\gdi32full.dll
0x00007ffe4bae0000 - 0x00007ffe4bb7a000 	C:\Windows\System32\msvcp_win.dll
0x00007ffe4dae0000 - 0x00007ffe4db11000 	C:\Windows\System32\IMM32.DLL
0x00007ffe48340000 - 0x00007ffe4834c000 	C:\Users\Emmanoel Gamer\.vscode\extensions\redhat.java-1.33.0-win32-x64\jre\17.0.11-win32-x86_64\bin\vcruntime140_1.dll
0x00007ffe14b70000 - 0x00007ffe14bfd000 	C:\Users\Emmanoel Gamer\.vscode\extensions\redhat.java-1.33.0-win32-x64\jre\17.0.11-win32-x86_64\bin\msvcp140.dll
0x00007ffd87120000 - 0x00007ffd87d82000 	C:\Users\Emmanoel Gamer\.vscode\extensions\redhat.java-1.33.0-win32-x64\jre\17.0.11-win32-x86_64\bin\server\jvm.dll
0x00007ffe4c8f0000 - 0x00007ffe4c9a2000 	C:\Windows\System32\ADVAPI32.dll
0x00007ffe4c490000 - 0x00007ffe4c539000 	C:\Windows\System32\sechost.dll
0x00007ffe4bd90000 - 0x00007ffe4bdb8000 	C:\Windows\System32\bcrypt.dll
0x00007ffe4c360000 - 0x00007ffe4c474000 	C:\Windows\System32\RPCRT4.dll
0x00007ffe4b450000 - 0x00007ffe4b49d000 	C:\Windows\SYSTEM32\POWRPROF.dll
0x00007ffe39510000 - 0x00007ffe39519000 	C:\Windows\SYSTEM32\WSOCK32.dll
0x00007ffe44ca0000 - 0x00007ffe44cd4000 	C:\Windows\SYSTEM32\WINMM.dll
0x00007ffe4bfc0000 - 0x00007ffe4c031000 	C:\Windows\System32\WS2_32.dll
0x00007ffe40ba0000 - 0x00007ffe40baa000 	C:\Windows\SYSTEM32\VERSION.dll
0x00007ffe4b430000 - 0x00007ffe4b443000 	C:\Windows\SYSTEM32\UMPDC.dll
0x00007ffe4a5c0000 - 0x00007ffe4a5d8000 	C:\Windows\SYSTEM32\kernel.appcore.dll
0x00007ffe42c20000 - 0x00007ffe42c2a000 	C:\Users\Emmanoel Gamer\.vscode\extensions\redhat.java-1.33.0-win32-x64\jre\17.0.11-win32-x86_64\bin\jimage.dll
0x00007ffe31be0000 - 0x00007ffe31e12000 	C:\Windows\SYSTEM32\DBGHELP.DLL
0x00007ffe4c540000 - 0x00007ffe4c8cd000 	C:\Windows\System32\combase.dll
0x00007ffe4cc30000 - 0x00007ffe4cd07000 	C:\Windows\System32\OLEAUT32.dll
0x00007ffe31e50000 - 0x00007ffe31e82000 	C:\Windows\SYSTEM32\dbgcore.DLL
0x00007ffe4b590000 - 0x00007ffe4b60b000 	C:\Windows\System32\bcryptPrimitives.dll
0x00007ffe19d80000 - 0x00007ffe19da5000 	C:\Users\Emmanoel Gamer\.vscode\extensions\redhat.java-1.33.0-win32-x64\jre\17.0.11-win32-x86_64\bin\java.dll

dbghelp: loaded successfully - version: 4.0.5 - missing functions: none
symbol engine: initialized successfully - sym options: 0x614 - pdb path: .;C:\Users\Emmanoel Gamer\.vscode\extensions\redhat.java-1.33.0-win32-x64\jre\17.0.11-win32-x86_64\bin;C:\Windows\SYSTEM32;C:\Windows\WinSxS\amd64_microsoft.windows.common-controls_6595b64144ccf1df_6.0.22621.3672_none_2713b9d173822955;C:\Users\Emmanoel Gamer\.vscode\extensions\redhat.java-1.33.0-win32-x64\jre\17.0.11-win32-x86_64\bin\server

VM Arguments:
jvm_args: -XX:+ShowCodeDetailsInExceptionMessages 
java_command: br.com.projaeto.angular.springboot.api.ApiApplication
java_class_path (initial): C:\EstudosSpringBootComAngularAtual\Estudos-SpringBoot-com-Angular\api\target\classes;C:\Users\Emmanoel Gamer\.m2\repository\org\springframework\boot\spring-boot-starter-data-jpa\3.3.2\spring-boot-starter-data-jpa-3.3.2.jar;C:\Users\Emmanoel Gamer\.m2\repository\org\springframework\boot\spring-boot-starter-aop\3.3.2\spring-boot-starter-aop-3.3.2.jar;C:\Users\Emmanoel Gamer\.m2\repository\org\springframework\spring-aop\6.1.11\spring-aop-6.1.11.jar;C:\Users\Emmanoel Gamer\.m2\repository\org\aspectj\aspectjweaver\1.9.22.1\aspectjweaver-1.9.22.1.jar;C:\Users\Emmanoel Gamer\.m2\repository\org\springframework\boot\spring-boot-starter-jdbc\3.3.2\spring-boot-starter-jdbc-3.3.2.jar;C:\Users\Emmanoel Gamer\.m2\repository\com\zaxxer\HikariCP\5.1.0\HikariCP-5.1.0.jar;C:\Users\Emmanoel Gamer\.m2\repository\org\springframework\spring-jdbc\6.1.11\spring-jdbc-6.1.11.jar;C:\Users\Emmanoel Gamer\.m2\repository\org\hibernate\orm\hibernate-core\6.5.2.Final\hibernate-core-6.5.2.Final.jar;C:\Users\Emmanoel Gamer\.m2\repository\jakarta\persistence\jakarta.persistence-api\3.1.0\jakarta.persistence-api-3.1.0.jar;C:\Users\Emmanoel Gamer\.m2\repository\jakarta\transaction\jakarta.transaction-api\2.0.1\jakarta.transaction-api-2.0.1.jar;C:\Users\Emmanoel Gamer\.m2\repository\org\jboss\logging\jboss-logging\3.5.3.Final\jboss-logging-3.5.3.Final.jar;C:\Users\Emmanoel Gamer\.m2\repository\org\hibernate\common\hibernate-commons-annotations\6.0.6.Final\hibernate-commons-annotations-6.0.6.Final.jar;C:\Users\Emmanoel Gamer\.m2\repository\io\smallrye\jandex\3.1.2\jandex-3.1.2.jar;C:\Users\Emmanoel Gamer\.m2\repository\com\fasterxml\classmate\1.7.0\classmate-1.7.0.jar;C:\Users\Emmanoel Gamer\.m2\repository\net\bytebuddy\byte-buddy\1.14.18\byte-buddy-1.14.18.jar;C:\Users\Emmanoel Gamer\.m2\repository\org\glassfish\jaxb\jaxb-runtime\4.0.5\jaxb-runtime-4.0.5.jar;C:\Users\Emmanoel Gamer\.m2\repository\org\glassfish\jaxb\jaxb-core\4.0.5\jaxb-core-4.0.5.jar;C:\Users\Emmanoel Gamer
Launcher Type: SUN_STANDARD

[Global flags]
     intx CICompilerCount                          = 3                                         {product} {ergonomic}
     uint ConcGCThreads                            = 1                                         {product} {ergonomic}
     uint G1ConcRefinementThreads                  = 4                                         {product} {ergonomic}
   size_t G1HeapRegionSize                         = 2097152                                   {product} {ergonomic}
    uintx GCDrainStackTargetSize                   = 64                                        {product} {ergonomic}
   size_t InitialHeapSize                          = 260046848                                 {product} {ergonomic}
   size_t MarkStackSize                            = 4194304                                   {product} {ergonomic}
   size_t MaxHeapSize                              = 4139778048                                {product} {ergonomic}
   size_t MinHeapDeltaBytes                        = 2097152                                   {product} {ergonomic}
   size_t MinHeapSize                              = 8388608                                   {product} {ergonomic}
    uintx NonNMethodCodeHeapSize                   = 5832780                                {pd product} {ergonomic}
    uintx NonProfiledCodeHeapSize                  = 122912730                              {pd product} {ergonomic}
    uintx ProfiledCodeHeapSize                     = 122912730                              {pd product} {ergonomic}
    uintx ReservedCodeCacheSize                    = 251658240                              {pd product} {ergonomic}
     bool SegmentedCodeCache                       = true                                      {product} {ergonomic}
     bool ShowCodeDetailsInExceptionMessages       = true                                   {manageable} {command line}
   size_t SoftMaxHeapSize                          = 4139778048                             {manageable} {ergonomic}
     bool UseCompressedClassPointers               = true                           {product lp64_product} {ergonomic}
     bool UseCompressedOops                        = true                           {product lp64_product} {ergonomic}
     bool UseG1GC                                  = true                                      {product} {ergonomic}
     bool UseLargePagesIndividualAllocation        = false                                  {pd product} {ergonomic}

Logging:
Log output configuration:
 #0: stdout all=warning uptime,level,tags
 #1: stderr all=off uptime,level,tags

Environment Variables:
JAVA_HOME=C:\Program Files\Java\jdk-21
CLASSPATH=.;JAVA_HOME%\lib;
PATH=C:\Program Files\Common Files\Oracle\Java\javapath;C:\Program Files (x86)\Common Files\Oracle\Java\java8path;C:\Program Files (x86)\Common Files\Oracle\Java\javapath;C:\Windows\system32;C:\Windows;C:\Windows\System32\Wbem;C:\Windows\System32\WindowsPowerShell\v1.0\;C:\Windows\System32\OpenSSH\;C:\Program Files\dotnet\;C:\Program Files\Java\jdk-21\bin;C:\Program Files\Git\cmd;C:\Program Files\nodejs\;C:\Users\Emmanoel Gamer\AppData\Local\Microsoft\WindowsApps;C:\Users\Emmanoel Gamer\AppData\Local\Programs\Microsoft VS Code\bin;C:\Program Files\Java\jdk-21\bin;C:\Users\Emmanoel Gamer\AppData\Roaming\npm
USERNAME=Emmanoel Gamer
LANG=pt_BR.UTF-8
OS=Windows_NT
PROCESSOR_IDENTIFIER=Intel64 Family 6 Model 60 Stepping 3, GenuineIntel
TMP=C:\Users\EMMANO~1\AppData\Local\Temp
TEMP=C:\Users\EMMANO~1\AppData\Local\Temp



Periodic native trim disabled


---------------  S Y S T E M  ---------------

OS:
 Windows 11 , 64 bit Build 22621 (10.0.22621.3958)
OS uptime: 0 days 14:25 hours

CPU: total 4 (initial active 4) (2 cores per cpu, 2 threads per core) family 6 model 60 stepping 3 microcode 0x28, cx8, cmov, fxsr, ht, mmx, sse, sse2, sse3, ssse3, sse4.1, sse4.2, popcnt, lzcnt, tsc, tscinvbit, avx, avx2, aes, erms, clmul, bmi1, bmi2, fma, vzeroupper, clflush
Processor Information for all 4 processors :
  Max Mhz: 3700, Current Mhz: 3700, Mhz Limit: 3700

Memory: 4k page, system-wide physical 15791M (3960M free)
TotalPageFile size 19503M (AvailPageFile size 223M)
current process WorkingSet (physical memory assigned to process): 11M, peak: 11M
current process commit charge ("private bytes"): 52M, peak: 300M

vm_info: OpenJDK 64-Bit Server VM (17.0.11+9) for windows-amd64 JRE (17.0.11+9), built on Apr 17 2024 06:07:48 by "admin" with MS VC++ 16.10 / 16.11 (VS2019)

END.
